########### array before sorts ###########
0	-1.000000	0.000000	11.000000	0.000000	n
1	11.000000	0.000000	11.000000	12.500000	n
2	11.000000	12.500000	-1.000000	12.500000	n
3	-1.000000	12.500000	-1.000000	0.000000	n
Tolerance=0.050000.
*Exact match for i=0 and j=1.
*i point -1.000000	0.000000	11.000000	0.000000	y
*Exact match for i=1 and j=2.
*i point 11.000000	0.000000	11.000000	12.500000	y
*Exact match for i=2 and j=3.
*i point 11.000000	12.500000	-1.000000	12.500000	y
########### array after sorts ###########
0	-1.000000	0.000000	11.000000	0.000000	y
1	11.000000	0.000000	11.000000	12.500000	y
2	11.000000	12.500000	-1.000000	12.500000	y
3	-1.000000	12.500000	-1.000000	0.000000	y
***************
.BOARD_OUTLINE UNOWNED
1.6
0     -1.000000     0.000000     0
0     11.000000     0.000000     0
0     11.000000     12.500000     0
0     -1.000000     12.500000     0
0     -1.000000     0.000000     0
